<?xml version="1.0" encoding="UTF-8"?>
<!-- Generated by org.testng.reporters.JUnitReportReporter -->
<testsuite skipped="0" hostname="DESKTOP-LKM5JTJ" name="com.qa.realerp.tests.HomePageTest" tests="3" failures="0" timestamp="04 Jan 2021 12:06:27 GMT" time="6.417" errors="0">
  <testcase name="verifyPageTitleTest" time="0.012" classname="com.qa.realerp.tests.HomePageTest"/>
  <testcase name="verifyHRMLinkVisibilityTest" time="0.077" classname="com.qa.realerp.tests.HomePageTest"/>
  <testcase name="verifyNavigationToHRMPageTest" time="6.328" classname="com.qa.realerp.tests.HomePageTest"/>
</testsuite> <!-- com.qa.realerp.tests.HomePageTest -->
