<?xml version="1.0" encoding="UTF-8"?>
<!-- Generated by org.testng.reporters.JUnitReportReporter -->
<testsuite skipped="1" hostname="DESKTOP-LKM5JTJ" name="com.qa.realerp.tests.LoginPageTest" tests="4" failures="0" timestamp="22 Jan 2021 06:20:08 GMT" time="10.612" errors="0">
  <testcase name="verifyPageTitleTest" time="0.539" classname="com.qa.realerp.tests.LoginPageTest"/>
  <testcase name="verifyForgotPasswordLinkTest" time="0.476" classname="com.qa.realerp.tests.LoginPageTest"/>
  <testcase name="verifyValidLoginTest" time="9.597" classname="com.qa.realerp.tests.LoginPageTest"/>
  <testcase name="verifyInValidLogin" classname="com.qa.realerp.tests.LoginPageTest">
    <skipped/>
  </testcase> <!-- verifyInValidLogin -->
</testsuite> <!-- com.qa.realerp.tests.LoginPageTest -->
