<?xml version="1.0" encoding="UTF-8"?>
<!-- Generated by org.testng.reporters.JUnitReportReporter -->
<testsuite skipped="0" hostname="DESKTOP-LKM5JTJ" name="com.qa.realerp.tests.HomePageTest" tests="3" failures="0" timestamp="22 Jan 2021 06:20:08 GMT" time="5.876" errors="0">
  <testcase name="verifyPageTitleTest" time="0.010" classname="com.qa.realerp.tests.HomePageTest"/>
  <testcase name="verifyHRMLinkVisibilityTest" time="0.055" classname="com.qa.realerp.tests.HomePageTest"/>
  <testcase name="verifyNavigationToHRMPageTest" time="5.811" classname="com.qa.realerp.tests.HomePageTest"/>
</testsuite> <!-- com.qa.realerp.tests.HomePageTest -->
